[1213/095230.666:ERROR:directory_reader_win.cc(43)] FindFirstFile: The system cannot find the path specified. (0x3)
[1214/230636.271:ERROR:directory_reader_win.cc(43)] FindFirstFile: The system cannot find the path specified. (0x3)
[1217/005021.406:ERROR:directory_reader_win.cc(43)] FindFirstFile: The system cannot find the path specified. (0x3)
[1218/005021.410:ERROR:directory_reader_win.cc(43)] FindFirstFile: The system cannot find the path specified. (0x3)
[1218/174303.454:ERROR:process_reader_win.cc(123)] NtOpenThread: {Access Denied} A process has requested access to an object, but has not been granted those access rights. (0xc0000022)
[1218/174303.454:ERROR:process_reader_win.cc(123)] NtOpenThread: {Access Denied} A process has requested access to an object, but has not been granted those access rights. (0xc0000022)
[1218/174303.454:ERROR:process_reader_win.cc(123)] NtOpenThread: {Access Denied} A process has requested access to an object, but has not been granted those access rights. (0xc0000022)
[1218/174303.454:ERROR:process_reader_win.cc(123)] NtOpenThread: {Access Denied} A process has requested access to an object, but has not been granted those access rights. (0xc0000022)
[1218/174303.454:ERROR:process_reader_win.cc(123)] NtOpenThread: {Access Denied} A process has requested access to an object, but has not been granted those access rights. (0xc0000022)
[1218/174303.456:ERROR:exception_snapshot_win.cc(99)] thread ID 37064 not found in process
[1218/174303.456:ERROR:exception_snapshot_win.cc(99)] thread ID 32440 not found in process
[1218/174303.456:ERROR:exception_snapshot_win.cc(99)] thread ID 28744 not found in process
[1218/174303.456:ERROR:exception_snapshot_win.cc(99)] thread ID 38184 not found in process
[1218/174303.456:ERROR:exception_snapshot_win.cc(99)] thread ID 17096 not found in process
[1218/174303.476:ERROR:process_reader_win.cc(123)] NtOpenThread: {Access Denied} A process has requested access to an object, but has not been granted those access rights. (0xc0000022)
[1218/174303.476:ERROR:exception_snapshot_win.cc(99)] thread ID 14988 not found in process
[1218/174303.476:ERROR:process_reader_win.cc(123)] NtOpenThread: {Access Denied} A process has requested access to an object, but has not been granted those access rights. (0xc0000022)
[1218/174303.477:ERROR:exception_snapshot_win.cc(99)] thread ID 23720 not found in process
[1218/174303.480:ERROR:process_reader_win.cc(123)] NtOpenThread: {Access Denied} A process has requested access to an object, but has not been granted those access rights. (0xc0000022)
[1218/174303.480:ERROR:exception_snapshot_win.cc(99)] thread ID 12252 not found in process
[1218/174303.484:ERROR:process_reader_win.cc(123)] NtOpenThread: {Access Denied} A process has requested access to an object, but has not been granted those access rights. (0xc0000022)
[1218/174303.484:ERROR:process_reader_win.cc(123)] NtOpenThread: {Access Denied} A process has requested access to an object, but has not been granted those access rights. (0xc0000022)
[1218/174303.484:ERROR:exception_snapshot_win.cc(99)] thread ID 35772 not found in process
[1218/174303.484:ERROR:exception_snapshot_win.cc(99)] thread ID 14612 not found in process
[1218/174303.486:ERROR:process_reader_win.cc(123)] NtOpenThread: {Access Denied} A process has requested access to an object, but has not been granted those access rights. (0xc0000022)
[1218/174303.486:ERROR:process_reader_win.cc(151)] SuspendThread: Access is denied. (0x5)
[1218/174303.486:ERROR:exception_snapshot_win.cc(99)] thread ID 5688 not found in process
[1218/174303.486:ERROR:process_reader_win.cc(151)] SuspendThread: Access is denied. (0x5)
[1218/174303.487:ERROR:process_reader_win.cc(151)] SuspendThread: Access is denied. (0x5)
[1218/174303.487:ERROR:process_reader_win.cc(151)] SuspendThread: Access is denied. (0x5)
[1218/174303.487:ERROR:process_reader_win.cc(151)] SuspendThread: Access is denied. (0x5)
[1218/174303.487:ERROR:process_reader_win.cc(151)] SuspendThread: Access is denied. (0x5)
[1218/174303.487:ERROR:process_reader_win.cc(123)] NtOpenThread: {Access Denied} A process has requested access to an object, but has not been granted those access rights. (0xc0000022)
[1218/174303.488:ERROR:exception_snapshot_win.cc(99)] thread ID 28968 not found in process
[1218/174303.490:ERROR:process_reader_win.cc(151)] SuspendThread: Access is denied. (0x5)
[1218/174303.490:ERROR:process_reader_win.cc(151)] SuspendThread: Access is denied. (0x5)
[1218/174303.490:ERROR:process_reader_win.cc(151)] SuspendThread: Access is denied. (0x5)
[1218/174303.490:ERROR:process_reader_win.cc(151)] SuspendThread: Access is denied. (0x5)
[1218/174303.490:ERROR:process_reader_win.cc(123)] NtOpenThread: {Access Denied} A process has requested access to an object, but has not been granted those access rights. (0xc0000022)
[1218/174303.491:ERROR:process_reader_win.cc(123)] NtOpenThread: {Access Denied} A process has requested access to an object, but has not been granted those access rights. (0xc0000022)
[1218/174303.491:ERROR:exception_snapshot_win.cc(99)] thread ID 33348 not found in process
[1218/174303.491:ERROR:exception_snapshot_win.cc(99)] thread ID 41540 not found in process
[1218/174303.493:ERROR:process_reader_win.cc(151)] SuspendThread: Access is denied. (0x5)
[1218/174303.493:ERROR:process_reader_win.cc(151)] SuspendThread: Access is denied. (0x5)
[1218/174303.493:ERROR:process_reader_win.cc(123)] NtOpenThread: {Access Denied} A process has requested access to an object, but has not been granted those access rights. (0xc0000022)
[1218/174303.494:ERROR:exception_snapshot_win.cc(99)] thread ID 29524 not found in process
[1218/174303.499:ERROR:process_reader_win.cc(151)] SuspendThread: Access is denied. (0x5)
[1218/174303.499:ERROR:process_reader_win.cc(151)] SuspendThread: Access is denied. (0x5)
[1218/174303.499:ERROR:process_reader_win.cc(123)] NtOpenThread: {Access Denied} A process has requested access to an object, but has not been granted those access rights. (0xc0000022)
[1218/174303.499:ERROR:exception_snapshot_win.cc(99)] thread ID 25744 not found in process
[1218/174303.500:ERROR:process_reader_win.cc(123)] NtOpenThread: {Access Denied} A process has requested access to an object, but has not been granted those access rights. (0xc0000022)
[1218/174303.500:ERROR:exception_snapshot_win.cc(99)] thread ID 2216 not found in process
[1218/174303.500:ERROR:process_reader_win.cc(123)] NtOpenThread: {Access Denied} A process has requested access to an object, but has not been granted those access rights. (0xc0000022)
[1218/174303.500:ERROR:exception_snapshot_win.cc(99)] thread ID 38620 not found in process
[1218/174303.510:ERROR:process_reader_win.cc(123)] NtOpenThread: {Access Denied} A process has requested access to an object, but has not been granted those access rights. (0xc0000022)
[1218/174303.511:ERROR:exception_snapshot_win.cc(99)] thread ID 33284 not found in process
[1218/174303.513:ERROR:process_reader_win.cc(123)] NtOpenThread: {Access Denied} A process has requested access to an object, but has not been granted those access rights. (0xc0000022)
[1218/174303.513:ERROR:exception_snapshot_win.cc(99)] thread ID 15436 not found in process
[1218/174303.516:ERROR:process_reader_win.cc(123)] NtOpenThread: {Access Denied} A process has requested access to an object, but has not been granted those access rights. (0xc0000022)
[1218/174303.517:ERROR:exception_snapshot_win.cc(99)] thread ID 34372 not found in process
[1218/174303.516:ERROR:process_reader_win.cc(123)] NtOpenThread: {Access Denied} A process has requested access to an object, but has not been granted those access rights. (0xc0000022)
[1218/174303.518:ERROR:exception_snapshot_win.cc(99)] thread ID 7456 not found in process
[1218/174303.521:ERROR:process_reader_win.cc(151)] SuspendThread: Access is denied. (0x5)
[1218/174303.521:ERROR:process_reader_win.cc(123)] NtOpenThread: {Access Denied} A process has requested access to an object, but has not been granted those access rights. (0xc0000022)
[1218/174303.521:ERROR:exception_snapshot_win.cc(99)] thread ID 34380 not found in process
[1218/174303.528:ERROR:process_reader_win.cc(123)] NtOpenThread: {Access Denied} A process has requested access to an object, but has not been granted those access rights. (0xc0000022)
[1218/174303.531:ERROR:exception_snapshot_win.cc(99)] thread ID 29608 not found in process
[1218/174303.532:ERROR:process_reader_win.cc(123)] NtOpenThread: {Access Denied} A process has requested access to an object, but has not been granted those access rights. (0xc0000022)
[1218/174303.533:ERROR:exception_snapshot_win.cc(99)] thread ID 17304 not found in process
[1218/174303.534:ERROR:process_reader_win.cc(123)] NtOpenThread: {Access Denied} A process has requested access to an object, but has not been granted those access rights. (0xc0000022)
[1218/174303.535:ERROR:exception_snapshot_win.cc(99)] thread ID 23848 not found in process
[1218/174303.537:ERROR:process_reader_win.cc(151)] SuspendThread: Access is denied. (0x5)
[1218/174303.537:ERROR:process_reader_win.cc(151)] SuspendThread: Access is denied. (0x5)
[1218/174303.537:ERROR:process_reader_win.cc(123)] NtOpenThread: {Access Denied} A process has requested access to an object, but has not been granted those access rights. (0xc0000022)
[1218/174303.537:ERROR:exception_snapshot_win.cc(99)] thread ID 37652 not found in process
[1218/174303.538:ERROR:process_reader_win.cc(151)] SuspendThread: Access is denied. (0x5)
[1218/174303.538:ERROR:process_reader_win.cc(123)] NtOpenThread: {Access Denied} A process has requested access to an object, but has not been granted those access rights. (0xc0000022)
[1218/174303.538:ERROR:process_reader_win.cc(151)] SuspendThread: Access is denied. (0x5)
[1218/174303.538:ERROR:process_reader_win.cc(123)] NtOpenThread: {Access Denied} A process has requested access to an object, but has not been granted those access rights. (0xc0000022)
[1218/174303.538:ERROR:exception_snapshot_win.cc(99)] thread ID 41908 not found in process
[1218/174303.538:ERROR:exception_snapshot_win.cc(99)] thread ID 22152 not found in process
[1218/174303.539:ERROR:process_reader_win.cc(123)] NtOpenThread: {Access Denied} A process has requested access to an object, but has not been granted those access rights. (0xc0000022)
[1218/174303.539:ERROR:process_reader_win.cc(151)] SuspendThread: Access is denied. (0x5)
[1218/174303.540:ERROR:process_reader_win.cc(123)] NtOpenThread: {Access Denied} A process has requested access to an object, but has not been granted those access rights. (0xc0000022)
[1218/174303.541:ERROR:process_reader_win.cc(151)] SuspendThread: Access is denied. (0x5)
[1218/174303.541:ERROR:process_reader_win.cc(151)] SuspendThread: Access is denied. (0x5)
[1218/174303.541:ERROR:process_reader_win.cc(123)] NtOpenThread: {Access Denied} A process has requested access to an object, but has not been granted those access rights. (0xc0000022)
[1218/174303.541:ERROR:exception_snapshot_win.cc(99)] thread ID 13712 not found in process
[1218/174303.542:ERROR:exception_snapshot_win.cc(99)] thread ID 27900 not found in process
[1218/174303.543:ERROR:exception_snapshot_win.cc(99)] thread ID 27432 not found in process
[1218/174303.545:ERROR:process_reader_win.cc(151)] SuspendThread: Access is denied. (0x5)
[1218/174303.545:ERROR:process_reader_win.cc(151)] SuspendThread: Access is denied. (0x5)
[1218/174303.545:ERROR:process_reader_win.cc(123)] NtOpenThread: {Access Denied} A process has requested access to an object, but has not been granted those access rights. (0xc0000022)
[1218/174303.545:ERROR:exception_snapshot_win.cc(99)] thread ID 27456 not found in process
[1218/174303.547:ERROR:process_reader_win.cc(151)] SuspendThread: Access is denied. (0x5)
[1218/174303.547:ERROR:process_reader_win.cc(123)] NtOpenThread: {Access Denied} A process has requested access to an object, but has not been granted those access rights. (0xc0000022)
[1218/174303.547:ERROR:exception_snapshot_win.cc(99)] thread ID 22280 not found in process
[1218/174303.548:ERROR:process_reader_win.cc(123)] NtOpenThread: {Access Denied} A process has requested access to an object, but has not been granted those access rights. (0xc0000022)
[1218/174303.548:ERROR:exception_snapshot_win.cc(99)] thread ID 17628 not found in process
[1218/174303.556:ERROR:process_reader_win.cc(151)] SuspendThread: Access is denied. (0x5)
[1218/174303.556:ERROR:process_reader_win.cc(151)] SuspendThread: Access is denied. (0x5)
[1218/174303.556:ERROR:process_reader_win.cc(123)] NtOpenThread: {Access Denied} A process has requested access to an object, but has not been granted those access rights. (0xc0000022)
[1218/174303.556:ERROR:exception_snapshot_win.cc(99)] thread ID 20376 not found in process
[1218/174303.561:ERROR:process_reader_win.cc(123)] NtOpenThread: {Access Denied} A process has requested access to an object, but has not been granted those access rights. (0xc0000022)
[1218/174303.562:ERROR:exception_snapshot_win.cc(99)] thread ID 31408 not found in process
[1218/174303.561:ERROR:process_reader_win.cc(123)] NtOpenThread: {Access Denied} A process has requested access to an object, but has not been granted those access rights. (0xc0000022)
[1218/174303.562:ERROR:exception_snapshot_win.cc(99)] thread ID 41316 not found in process
[1218/174303.563:ERROR:process_reader_win.cc(123)] NtOpenThread: {Access Denied} A process has requested access to an object, but has not been granted those access rights. (0xc0000022)
[1218/174303.563:ERROR:exception_snapshot_win.cc(99)] thread ID 12748 not found in process
[1218/174303.573:ERROR:process_reader_win.cc(151)] SuspendThread: Access is denied. (0x5)
[1218/174303.573:ERROR:process_reader_win.cc(151)] SuspendThread: Access is denied. (0x5)
[1218/174303.573:ERROR:process_reader_win.cc(123)] NtOpenThread: {Access Denied} A process has requested access to an object, but has not been granted those access rights. (0xc0000022)
[1218/174303.573:ERROR:exception_snapshot_win.cc(99)] thread ID 29508 not found in process
[1218/174303.576:ERROR:process_reader_win.cc(151)] SuspendThread: Access is denied. (0x5)
[1218/174303.576:ERROR:process_reader_win.cc(123)] NtOpenThread: {Access Denied} A process has requested access to an object, but has not been granted those access rights. (0xc0000022)
[1218/174303.576:ERROR:process_reader_win.cc(123)] NtOpenThread: {Access Denied} A process has requested access to an object, but has not been granted those access rights. (0xc0000022)
[1218/174303.576:ERROR:process_reader_win.cc(151)] SuspendThread: Access is denied. (0x5)
[1218/174303.576:ERROR:process_reader_win.cc(151)] SuspendThread: Access is denied. (0x5)
[1218/174303.576:ERROR:process_reader_win.cc(123)] NtOpenThread: {Access Denied} A process has requested access to an object, but has not been granted those access rights. (0xc0000022)
[1218/174303.576:ERROR:exception_snapshot_win.cc(99)] thread ID 33552 not found in process
[1218/174303.576:ERROR:exception_snapshot_win.cc(99)] thread ID 29564 not found in process
[1218/174303.577:ERROR:exception_snapshot_win.cc(99)] thread ID 27776 not found in process
[1218/174303.577:ERROR:process_reader_win.cc(123)] NtOpenThread: {Access Denied} A process has requested access to an object, but has not been granted those access rights. (0xc0000022)
[1218/174303.577:ERROR:exception_snapshot_win.cc(99)] thread ID 33012 not found in process
[1218/174303.587:ERROR:process_reader_win.cc(151)] SuspendThread: Access is denied. (0x5)
[1218/174303.583:ERROR:process_reader_win.cc(151)] SuspendThread: Access is denied. (0x5)
[1218/174303.587:ERROR:process_reader_win.cc(151)] SuspendThread: Access is denied. (0x5)
[1218/174303.587:ERROR:process_reader_win.cc(123)] NtOpenThread: {Access Denied} A process has requested access to an object, but has not been granted those access rights. (0xc0000022)
[1218/174303.587:ERROR:exception_snapshot_win.cc(99)] thread ID 27196 not found in process
[1218/174303.587:ERROR:process_reader_win.cc(151)] SuspendThread: Access is denied. (0x5)
[1218/174303.587:ERROR:process_reader_win.cc(123)] NtOpenThread: {Access Denied} A process has requested access to an object, but has not been granted those access rights. (0xc0000022)
[1218/174303.587:ERROR:exception_snapshot_win.cc(99)] thread ID 28556 not found in process
[1218/174303.589:ERROR:process_reader_win.cc(151)] SuspendThread: Access is denied. (0x5)
[1218/174303.589:ERROR:process_reader_win.cc(151)] SuspendThread: Access is denied. (0x5)
[1218/174303.589:ERROR:process_reader_win.cc(123)] NtOpenThread: {Access Denied} A process has requested access to an object, but has not been granted those access rights. (0xc0000022)
[1218/174303.589:ERROR:process_reader_win.cc(151)] SuspendThread: Access is denied. (0x5)
[1218/174303.589:ERROR:exception_snapshot_win.cc(99)] thread ID 23280 not found in process
[1218/174303.589:ERROR:process_reader_win.cc(151)] SuspendThread: Access is denied. (0x5)
[1218/174303.589:ERROR:process_reader_win.cc(123)] NtOpenThread: {Access Denied} A process has requested access to an object, but has not been granted those access rights. (0xc0000022)
[1218/174303.589:ERROR:exception_snapshot_win.cc(99)] thread ID 13636 not found in process
[1218/174303.589:ERROR:process_reader_win.cc(151)] SuspendThread: Access is denied. (0x5)
[1218/174303.589:ERROR:process_reader_win.cc(123)] NtOpenThread: {Access Denied} A process has requested access to an object, but has not been granted those access rights. (0xc0000022)
[1218/174303.589:ERROR:exception_snapshot_win.cc(99)] thread ID 1908 not found in process
[1218/174303.595:ERROR:process_reader_win.cc(123)] NtOpenThread: {Access Denied} A process has requested access to an object, but has not been granted those access rights. (0xc0000022)
[1218/174303.595:ERROR:exception_snapshot_win.cc(99)] thread ID 26184 not found in process
[1218/174303.599:ERROR:process_reader_win.cc(123)] NtOpenThread: {Access Denied} A process has requested access to an object, but has not been granted those access rights. (0xc0000022)
[1218/174303.599:ERROR:exception_snapshot_win.cc(99)] thread ID 14544 not found in process
[1218/174303.603:ERROR:process_reader_win.cc(151)] SuspendThread: Access is denied. (0x5)
[1218/174303.603:ERROR:process_reader_win.cc(123)] NtOpenThread: {Access Denied} A process has requested access to an object, but has not been granted those access rights. (0xc0000022)
[1218/174303.603:ERROR:process_reader_win.cc(151)] SuspendThread: Access is denied. (0x5)
[1218/174303.603:ERROR:process_reader_win.cc(123)] NtOpenThread: {Access Denied} A process has requested access to an object, but has not been granted those access rights. (0xc0000022)
[1218/174303.603:ERROR:exception_snapshot_win.cc(99)] thread ID 21608 not found in process
[1218/174303.603:ERROR:exception_snapshot_win.cc(99)] thread ID 30740 not found in process
[1218/174303.605:ERROR:process_reader_win.cc(123)] NtOpenThread: {Access Denied} A process has requested access to an object, but has not been granted those access rights. (0xc0000022)
[1218/174303.606:ERROR:exception_snapshot_win.cc(99)] thread ID 16436 not found in process
[1218/174303.610:ERROR:process_reader_win.cc(151)] SuspendThread: Access is denied. (0x5)
[1218/174303.610:ERROR:process_reader_win.cc(151)] SuspendThread: Access is denied. (0x5)
[1218/174303.610:ERROR:process_reader_win.cc(123)] NtOpenThread: {Access Denied} A process has requested access to an object, but has not been granted those access rights. (0xc0000022)
[1218/174303.610:ERROR:exception_snapshot_win.cc(99)] thread ID 24904 not found in process
[1218/174303.616:ERROR:process_reader_win.cc(123)] NtOpenThread: {Access Denied} A process has requested access to an object, but has not been granted those access rights. (0xc0000022)
[1218/174303.616:ERROR:exception_snapshot_win.cc(99)] thread ID 31752 not found in process
[1218/174303.618:ERROR:process_reader_win.cc(151)] SuspendThread: Access is denied. (0x5)
[1218/174303.618:ERROR:process_reader_win.cc(123)] NtOpenThread: {Access Denied} A process has requested access to an object, but has not been granted those access rights. (0xc0000022)
[1218/174303.618:ERROR:exception_snapshot_win.cc(99)] thread ID 12616 not found in process
[1218/174303.618:ERROR:process_reader_win.cc(151)] SuspendThread: Access is denied. (0x5)
[1218/174303.618:ERROR:process_reader_win.cc(123)] NtOpenThread: {Access Denied} A process has requested access to an object, but has not been granted those access rights. (0xc0000022)
[1218/174303.619:ERROR:exception_snapshot_win.cc(99)] thread ID 31020 not found in process
[1218/174303.623:ERROR:process_reader_win.cc(123)] NtOpenThread: {Access Denied} A process has requested access to an object, but has not been granted those access rights. (0xc0000022)
[1218/174303.623:ERROR:exception_snapshot_win.cc(99)] thread ID 19152 not found in process
[1218/174303.624:ERROR:process_reader_win.cc(151)] SuspendThread: Access is denied. (0x5)
[1218/174303.624:ERROR:process_reader_win.cc(123)] NtOpenThread: {Access Denied} A process has requested access to an object, but has not been granted those access rights. (0xc0000022)
[1218/174303.624:ERROR:exception_snapshot_win.cc(99)] thread ID 37816 not found in process
[1218/174303.637:ERROR:process_reader_win.cc(151)] SuspendThread: Access is denied. (0x5)
[1218/174303.637:ERROR:process_reader_win.cc(151)] SuspendThread: Access is denied. (0x5)
[1218/174303.637:ERROR:process_reader_win.cc(151)] SuspendThread: Access is denied. (0x5)
[1218/174303.637:ERROR:process_reader_win.cc(123)] NtOpenThread: {Access Denied} A process has requested access to an object, but has not been granted those access rights. (0xc0000022)
[1218/174303.638:ERROR:exception_snapshot_win.cc(99)] thread ID 41176 not found in process
[1218/174303.684:ERROR:process_reader_win.cc(123)] NtOpenThread: {Access Denied} A process has requested access to an object, but has not been granted those access rights. (0xc0000022)
[1218/174303.684:ERROR:exception_snapshot_win.cc(99)] thread ID 37736 not found in process
[1218/174303.878:ERROR:process_reader_win.cc(151)] SuspendThread: Access is denied. (0x5)
[1218/174303.878:ERROR:process_reader_win.cc(151)] SuspendThread: Access is denied. (0x5)
[1218/174303.878:ERROR:process_reader_win.cc(151)] SuspendThread: Access is denied. (0x5)
[1218/174303.878:ERROR:process_reader_win.cc(151)] SuspendThread: Access is denied. (0x5)
[1218/174303.878:ERROR:process_reader_win.cc(151)] SuspendThread: Access is denied. (0x5)
[1218/174303.878:ERROR:process_reader_win.cc(151)] SuspendThread: Access is denied. (0x5)
[1218/174303.878:ERROR:process_reader_win.cc(151)] SuspendThread: Access is denied. (0x5)
[1218/174303.878:ERROR:process_reader_win.cc(151)] SuspendThread: Access is denied. (0x5)
[1218/174303.878:ERROR:process_reader_win.cc(151)] SuspendThread: Access is denied. (0x5)
[1218/174303.878:ERROR:process_reader_win.cc(151)] SuspendThread: Access is denied. (0x5)
[1218/174303.878:ERROR:process_reader_win.cc(151)] SuspendThread: Access is denied. (0x5)
[1218/174303.878:ERROR:process_reader_win.cc(151)] SuspendThread: Access is denied. (0x5)
[1218/174303.878:ERROR:process_reader_win.cc(151)] SuspendThread: Access is denied. (0x5)
[1218/174303.878:ERROR:process_reader_win.cc(151)] SuspendThread: Access is denied. (0x5)
[1218/174303.878:ERROR:process_reader_win.cc(151)] SuspendThread: Access is denied. (0x5)
[1218/174303.878:ERROR:process_reader_win.cc(151)] SuspendThread: Access is denied. (0x5)
[1218/174303.878:ERROR:process_reader_win.cc(151)] SuspendThread: Access is denied. (0x5)
[1218/174303.878:ERROR:process_reader_win.cc(151)] SuspendThread: Access is denied. (0x5)
[1218/174303.878:ERROR:process_reader_win.cc(151)] SuspendThread: Access is denied. (0x5)
[1218/174303.878:ERROR:process_reader_win.cc(151)] SuspendThread: Access is denied. (0x5)
[1218/174303.878:ERROR:process_reader_win.cc(151)] SuspendThread: Access is denied. (0x5)
[1218/174303.878:ERROR:process_reader_win.cc(151)] SuspendThread: Access is denied. (0x5)
[1218/174303.878:ERROR:process_reader_win.cc(151)] SuspendThread: Access is denied. (0x5)
[1218/174303.878:ERROR:process_reader_win.cc(151)] SuspendThread: Access is denied. (0x5)
[1218/174303.878:ERROR:process_reader_win.cc(151)] SuspendThread: Access is denied. (0x5)
[1218/174303.878:ERROR:process_reader_win.cc(151)] SuspendThread: Access is denied. (0x5)
[1218/174303.878:ERROR:process_reader_win.cc(151)] SuspendThread: Access is denied. (0x5)
[1218/174303.878:ERROR:process_reader_win.cc(151)] SuspendThread: Access is denied. (0x5)
[1218/174303.878:ERROR:process_reader_win.cc(151)] SuspendThread: Access is denied. (0x5)
[1218/174303.878:ERROR:process_reader_win.cc(151)] SuspendThread: Access is denied. (0x5)
[1218/174303.878:ERROR:process_reader_win.cc(151)] SuspendThread: Access is denied. (0x5)
[1218/174303.878:ERROR:process_reader_win.cc(151)] SuspendThread: Access is denied. (0x5)
[1218/174303.878:ERROR:process_reader_win.cc(151)] SuspendThread: Access is denied. (0x5)
[1218/174303.878:ERROR:process_reader_win.cc(151)] SuspendThread: Access is denied. (0x5)
[1218/174303.879:ERROR:process_reader_win.cc(151)] SuspendThread: Access is denied. (0x5)
[1218/174303.879:ERROR:process_reader_win.cc(151)] SuspendThread: Access is denied. (0x5)
[1218/174303.879:ERROR:process_reader_win.cc(151)] SuspendThread: Access is denied. (0x5)
[1218/174303.879:ERROR:process_reader_win.cc(151)] SuspendThread: Access is denied. (0x5)
[1218/174303.879:ERROR:process_reader_win.cc(151)] SuspendThread: Access is denied. (0x5)
[1218/174303.878:ERROR:process_reader_win.cc(151)] SuspendThread: Access is denied. (0x5)
[1218/174303.879:ERROR:process_reader_win.cc(151)] SuspendThread: Access is denied. (0x5)
[1218/174303.879:ERROR:process_reader_win.cc(151)] SuspendThread: Access is denied. (0x5)
[1218/174303.879:ERROR:process_reader_win.cc(123)] NtOpenThread: {Access Denied} A process has requested access to an object, but has not been granted those access rights. (0xc0000022)
[1218/174303.878:ERROR:process_reader_win.cc(151)] SuspendThread: Access is denied. (0x5)
[1218/174303.879:ERROR:process_reader_win.cc(151)] SuspendThread: Access is denied. (0x5)
[1218/174303.879:ERROR:process_reader_win.cc(151)] SuspendThread: Access is denied. (0x5)
[1218/174303.879:ERROR:process_reader_win.cc(151)] SuspendThread: Access is denied. (0x5)
[1218/174303.879:ERROR:process_reader_win.cc(151)] SuspendThread: Access is denied. (0x5)
[1218/174303.879:ERROR:process_reader_win.cc(151)] SuspendThread: Access is denied. (0x5)
[1218/174303.883:ERROR:process_reader_win.cc(151)] SuspendThread: Access is denied. (0x5)
[1218/174303.879:ERROR:exception_snapshot_win.cc(99)] thread ID 40144 not found in process
[1218/174303.881:ERROR:process_reader_win.cc(151)] SuspendThread: Access is denied. (0x5)
[1218/174303.884:ERROR:process_reader_win.cc(151)] SuspendThread: Access is denied. (0x5)
[1218/174303.884:ERROR:process_reader_win.cc(151)] SuspendThread: Access is denied. (0x5)
[1218/174303.884:ERROR:process_reader_win.cc(151)] SuspendThread: Access is denied. (0x5)
[1218/174303.884:ERROR:process_reader_win.cc(151)] SuspendThread: Access is denied. (0x5)
[1218/174303.885:ERROR:process_reader_win.cc(151)] SuspendThread: Access is denied. (0x5)
[1218/174303.885:ERROR:process_reader_win.cc(151)] SuspendThread: Access is denied. (0x5)
[1218/174303.885:ERROR:process_reader_win.cc(151)] SuspendThread: Access is denied. (0x5)
[1218/174303.885:ERROR:process_reader_win.cc(151)] SuspendThread: Access is denied. (0x5)
[1218/174303.885:ERROR:process_reader_win.cc(151)] SuspendThread: Access is denied. (0x5)
[1218/174303.885:ERROR:process_reader_win.cc(151)] SuspendThread: Access is denied. (0x5)
[1218/174303.885:ERROR:process_reader_win.cc(151)] SuspendThread: Access is denied. (0x5)
[1218/174303.885:ERROR:process_reader_win.cc(151)] SuspendThread: Access is denied. (0x5)
[1218/174303.885:ERROR:process_reader_win.cc(151)] SuspendThread: Access is denied. (0x5)
[1218/174303.883:ERROR:process_reader_win.cc(151)] SuspendThread: Access is denied. (0x5)
[1218/174303.886:ERROR:process_reader_win.cc(151)] SuspendThread: Access is denied. (0x5)
[1218/174303.886:ERROR:process_reader_win.cc(151)] SuspendThread: Access is denied. (0x5)
[1218/174303.886:ERROR:process_reader_win.cc(151)] SuspendThread: Access is denied. (0x5)
[1218/174303.886:ERROR:process_reader_win.cc(151)] SuspendThread: Access is denied. (0x5)
[1218/174303.886:ERROR:process_reader_win.cc(151)] SuspendThread: Access is denied. (0x5)
[1218/174303.886:ERROR:process_reader_win.cc(151)] SuspendThread: Access is denied. (0x5)
[1218/174303.886:ERROR:process_reader_win.cc(151)] SuspendThread: Access is denied. (0x5)
[1218/174303.886:ERROR:process_reader_win.cc(151)] SuspendThread: Access is denied. (0x5)
[1218/174303.886:ERROR:process_reader_win.cc(151)] SuspendThread: Access is denied. (0x5)
[1218/174303.886:ERROR:process_reader_win.cc(151)] SuspendThread: Access is denied. (0x5)
[1218/174303.886:ERROR:process_reader_win.cc(151)] SuspendThread: Access is denied. (0x5)
[1218/174303.886:ERROR:process_reader_win.cc(151)] SuspendThread: Access is denied. (0x5)
[1218/174303.886:ERROR:process_reader_win.cc(151)] SuspendThread: Access is denied. (0x5)
[1218/174303.886:ERROR:process_reader_win.cc(123)] NtOpenThread: {Access Denied} A process has requested access to an object, but has not been granted those access rights. (0xc0000022)
[1218/174303.886:ERROR:exception_snapshot_win.cc(99)] thread ID 13220 not found in process
[1218/174303.883:ERROR:process_reader_win.cc(151)] SuspendThread: Access is denied. (0x5)
[1218/174303.886:ERROR:process_reader_win.cc(151)] SuspendThread: Access is denied. (0x5)
[1218/174303.886:ERROR:process_reader_win.cc(151)] SuspendThread: Access is denied. (0x5)
[1218/174303.886:ERROR:process_reader_win.cc(151)] SuspendThread: Access is denied. (0x5)
[1218/174303.886:ERROR:process_reader_win.cc(151)] SuspendThread: Access is denied. (0x5)
[1218/174303.886:ERROR:process_reader_win.cc(151)] SuspendThread: Access is denied. (0x5)
[1218/174303.886:ERROR:process_reader_win.cc(123)] NtOpenThread: {Access Denied} A process has requested access to an object, but has not been granted those access rights. (0xc0000022)
[1218/174303.886:ERROR:exception_snapshot_win.cc(99)] thread ID 23368 not found in process
[1218/174303.886:ERROR:process_reader_win.cc(151)] SuspendThread: Access is denied. (0x5)
[1218/174303.886:ERROR:process_reader_win.cc(151)] SuspendThread: Access is denied. (0x5)
[1218/174303.887:ERROR:process_reader_win.cc(151)] SuspendThread: Access is denied. (0x5)
[1218/174303.887:ERROR:process_reader_win.cc(123)] NtOpenThread: {Access Denied} A process has requested access to an object, but has not been granted those access rights. (0xc0000022)
[1218/174303.887:ERROR:exception_snapshot_win.cc(99)] thread ID 17496 not found in process
[1218/174303.879:ERROR:process_reader_win.cc(151)] SuspendThread: Access is denied. (0x5)
[1218/174303.888:ERROR:process_reader_win.cc(151)] SuspendThread: Access is denied. (0x5)
[1218/174303.888:ERROR:process_reader_win.cc(151)] SuspendThread: Access is denied. (0x5)
[1218/174303.888:ERROR:process_reader_win.cc(151)] SuspendThread: Access is denied. (0x5)
[1218/174303.888:ERROR:process_reader_win.cc(151)] SuspendThread: Access is denied. (0x5)
[1218/174303.888:ERROR:process_reader_win.cc(151)] SuspendThread: Access is denied. (0x5)
[1218/174303.888:ERROR:process_reader_win.cc(151)] SuspendThread: Access is denied. (0x5)
[1218/174303.888:ERROR:process_reader_win.cc(151)] SuspendThread: Access is denied. (0x5)
[1218/174303.888:ERROR:process_reader_win.cc(151)] SuspendThread: Access is denied. (0x5)
[1218/174303.888:ERROR:process_reader_win.cc(151)] SuspendThread: Access is denied. (0x5)
[1218/174303.888:ERROR:process_reader_win.cc(151)] SuspendThread: Access is denied. (0x5)
[1218/174303.888:ERROR:process_reader_win.cc(151)] SuspendThread: Access is denied. (0x5)
[1218/174303.888:ERROR:process_reader_win.cc(151)] SuspendThread: Access is denied. (0x5)
[1218/174303.889:ERROR:process_reader_win.cc(151)] SuspendThread: Access is denied. (0x5)
[1218/174303.889:ERROR:process_reader_win.cc(123)] NtOpenThread: {Access Denied} A process has requested access to an object, but has not been granted those access rights. (0xc0000022)
[1218/174303.889:ERROR:process_reader_win.cc(151)] SuspendThread: Access is denied. (0x5)
[1218/174303.889:ERROR:process_reader_win.cc(151)] SuspendThread: Access is denied. (0x5)
[1218/174303.889:ERROR:exception_snapshot_win.cc(99)] thread ID 25428 not found in process
[1218/174303.888:ERROR:process_reader_win.cc(151)] SuspendThread: Access is denied. (0x5)
[1218/174303.892:ERROR:process_reader_win.cc(151)] SuspendThread: Access is denied. (0x5)
[1218/174303.892:ERROR:process_reader_win.cc(151)] SuspendThread: Access is denied. (0x5)
[1218/174303.892:ERROR:process_reader_win.cc(151)] SuspendThread: Access is denied. (0x5)
[1218/174303.892:ERROR:process_reader_win.cc(151)] SuspendThread: Access is denied. (0x5)
[1218/174303.892:ERROR:process_reader_win.cc(151)] SuspendThread: Access is denied. (0x5)
[1218/174303.892:ERROR:process_reader_win.cc(151)] SuspendThread: Access is denied. (0x5)
[1218/174303.892:ERROR:process_reader_win.cc(151)] SuspendThread: Access is denied. (0x5)
[1218/174303.892:ERROR:process_reader_win.cc(123)] NtOpenThread: {Access Denied} A process has requested access to an object, but has not been granted those access rights. (0xc0000022)
[1218/174303.892:ERROR:process_reader_win.cc(151)] SuspendThread: Access is denied. (0x5)
[1218/174303.892:ERROR:process_reader_win.cc(123)] NtOpenThread: {Access Denied} A process has requested access to an object, but has not been granted those access rights. (0xc0000022)
[1218/174303.892:ERROR:process_reader_win.cc(151)] SuspendThread: Access is denied. (0x5)
[1218/174303.892:ERROR:exception_snapshot_win.cc(99)] thread ID 20540 not found in process
[1218/174303.892:ERROR:exception_snapshot_win.cc(99)] thread ID 35868 not found in process
[1218/174303.895:ERROR:process_reader_win.cc(151)] SuspendThread: Access is denied. (0x5)
[1218/174303.895:ERROR:process_reader_win.cc(123)] NtOpenThread: {Access Denied} A process has requested access to an object, but has not been granted those access rights. (0xc0000022)
[1218/174303.895:ERROR:exception_snapshot_win.cc(99)] thread ID 11256 not found in process
[1218/174303.895:ERROR:process_reader_win.cc(123)] NtOpenThread: {Access Denied} A process has requested access to an object, but has not been granted those access rights. (0xc0000022)
[1218/174303.895:ERROR:process_reader_win.cc(151)] SuspendThread: Access is denied. (0x5)
[1218/174303.895:ERROR:process_reader_win.cc(151)] SuspendThread: Access is denied. (0x5)
[1218/174303.895:ERROR:process_reader_win.cc(151)] SuspendThread: Access is denied. (0x5)
[1218/174303.895:ERROR:process_reader_win.cc(151)] SuspendThread: Access is denied. (0x5)
[1218/174303.895:ERROR:process_reader_win.cc(151)] SuspendThread: Access is denied. (0x5)
[1218/174303.895:ERROR:process_reader_win.cc(151)] SuspendThread: Access is denied. (0x5)
[1218/174303.895:ERROR:process_reader_win.cc(151)] SuspendThread: Access is denied. (0x5)
[1218/174303.895:ERROR:process_reader_win.cc(151)] SuspendThread: Access is denied. (0x5)
[1218/174303.895:ERROR:process_reader_win.cc(151)] SuspendThread: Access is denied. (0x5)
[1218/174303.895:ERROR:process_reader_win.cc(151)] SuspendThread: Access is denied. (0x5)
[1218/174303.895:ERROR:process_reader_win.cc(151)] SuspendThread: Access is denied. (0x5)
[1218/174303.895:ERROR:process_reader_win.cc(151)] SuspendThread: Access is denied. (0x5)
[1218/174303.895:ERROR:process_reader_win.cc(123)] NtOpenThread: {Access Denied} A process has requested access to an object, but has not been granted those access rights. (0xc0000022)
[1218/174303.895:ERROR:exception_snapshot_win.cc(99)] thread ID 33556 not found in process
[1218/174303.895:ERROR:process_reader_win.cc(151)] SuspendThread: Access is denied. (0x5)
[1218/174303.898:ERROR:process_reader_win.cc(151)] SuspendThread: Access is denied. (0x5)
[1218/174303.898:ERROR:process_reader_win.cc(151)] SuspendThread: Access is denied. (0x5)
[1218/174303.898:ERROR:process_reader_win.cc(151)] SuspendThread: Access is denied. (0x5)
[1218/174303.898:ERROR:process_reader_win.cc(151)] SuspendThread: Access is denied. (0x5)
[1218/174303.898:ERROR:process_reader_win.cc(151)] SuspendThread: Access is denied. (0x5)
[1218/174303.898:ERROR:process_reader_win.cc(151)] SuspendThread: Access is denied. (0x5)
[1218/174303.898:ERROR:process_reader_win.cc(151)] SuspendThread: Access is denied. (0x5)
[1218/174303.898:ERROR:process_reader_win.cc(123)] NtOpenThread: {Access Denied} A process has requested access to an object, but has not been granted those access rights. (0xc0000022)
[1218/174303.898:ERROR:exception_snapshot_win.cc(99)] thread ID 10456 not found in process
[1218/174303.898:ERROR:process_reader_win.cc(151)] SuspendThread: Access is denied. (0x5)
[1218/174303.898:ERROR:process_reader_win.cc(151)] SuspendThread: Access is denied. (0x5)
[1218/174303.898:ERROR:process_reader_win.cc(151)] SuspendThread: Access is denied. (0x5)
[1218/174303.897:ERROR:exception_snapshot_win.cc(99)] thread ID 27936 not found in process
[1218/174303.899:ERROR:process_reader_win.cc(151)] SuspendThread: Access is denied. (0x5)
[1218/174303.899:ERROR:process_reader_win.cc(151)] SuspendThread: Access is denied. (0x5)
[1218/174303.899:ERROR:process_reader_win.cc(151)] SuspendThread: Access is denied. (0x5)
[1218/174303.899:ERROR:process_reader_win.cc(151)] SuspendThread: Access is denied. (0x5)
[1218/174303.899:ERROR:process_reader_win.cc(151)] SuspendThread: Access is denied. (0x5)
[1218/174303.899:ERROR:process_reader_win.cc(151)] SuspendThread: Access is denied. (0x5)
[1218/174303.899:ERROR:process_reader_win.cc(151)] SuspendThread: Access is denied. (0x5)
[1218/174303.899:ERROR:process_reader_win.cc(151)] SuspendThread: Access is denied. (0x5)
[1218/174303.899:ERROR:process_reader_win.cc(151)] SuspendThread: Access is denied. (0x5)
[1218/174303.899:ERROR:process_reader_win.cc(151)] SuspendThread: Access is denied. (0x5)
[1218/174303.899:ERROR:process_reader_win.cc(151)] SuspendThread: Access is denied. (0x5)
[1218/174303.899:ERROR:process_reader_win.cc(151)] SuspendThread: Access is denied. (0x5)
[1218/174303.899:ERROR:process_reader_win.cc(151)] SuspendThread: Access is denied. (0x5)
[1218/174303.899:ERROR:process_reader_win.cc(151)] SuspendThread: Access is denied. (0x5)
[1218/174303.899:ERROR:process_reader_win.cc(151)] SuspendThread: Access is denied. (0x5)
[1218/174303.899:ERROR:process_reader_win.cc(151)] SuspendThread: Access is denied. (0x5)
[1218/174303.899:ERROR:process_reader_win.cc(151)] SuspendThread: Access is denied. (0x5)
[1218/174303.899:ERROR:process_reader_win.cc(151)] SuspendThread: Access is denied. (0x5)
[1218/174303.899:ERROR:process_reader_win.cc(151)] SuspendThread: Access is denied. (0x5)
[1218/174303.899:ERROR:process_reader_win.cc(151)] SuspendThread: Access is denied. (0x5)
[1218/174303.899:ERROR:process_reader_win.cc(123)] NtOpenThread: {Access Denied} A process has requested access to an object, but has not been granted those access rights. (0xc0000022)
[1218/174303.899:ERROR:process_reader_win.cc(123)] NtOpenThread: {Access Denied} A process has requested access to an object, but has not been granted those access rights. (0xc0000022)
[1218/174303.899:ERROR:exception_snapshot_win.cc(99)] thread ID 32312 not found in process
[1218/174303.899:ERROR:process_reader_win.cc(151)] SuspendThread: Access is denied. (0x5)
[1218/174303.899:ERROR:process_reader_win.cc(151)] SuspendThread: Access is denied. (0x5)
[1218/174303.899:ERROR:process_reader_win.cc(151)] SuspendThread: Access is denied. (0x5)
[1218/174303.899:ERROR:exception_snapshot_win.cc(99)] thread ID 28512 not found in process
[1218/174303.899:ERROR:process_reader_win.cc(151)] SuspendThread: Access is denied. (0x5)
[1218/174303.899:ERROR:process_reader_win.cc(151)] SuspendThread: Access is denied. (0x5)
[1218/174303.899:ERROR:process_reader_win.cc(151)] SuspendThread: Access is denied. (0x5)
[1218/174303.899:ERROR:process_reader_win.cc(151)] SuspendThread: Access is denied. (0x5)
[1218/174303.899:ERROR:process_reader_win.cc(151)] SuspendThread: Access is denied. (0x5)
[1218/174303.900:ERROR:process_reader_win.cc(151)] SuspendThread: Access is denied. (0x5)
[1218/174303.900:ERROR:process_reader_win.cc(151)] SuspendThread: Access is denied. (0x5)
[1218/174303.900:ERROR:process_reader_win.cc(151)] SuspendThread: Access is denied. (0x5)
[1218/174303.900:ERROR:process_reader_win.cc(123)] NtOpenThread: {Access Denied} A process has requested access to an object, but has not been granted those access rights. (0xc0000022)
[1218/174303.900:ERROR:exception_snapshot_win.cc(99)] thread ID 28724 not found in process
[1218/174303.901:ERROR:process_reader_win.cc(151)] SuspendThread: Access is denied. (0x5)
[1218/174303.901:ERROR:process_reader_win.cc(151)] SuspendThread: Access is denied. (0x5)
[1218/174303.901:ERROR:process_reader_win.cc(151)] SuspendThread: Access is denied. (0x5)
[1218/174303.901:ERROR:process_reader_win.cc(151)] SuspendThread: Access is denied. (0x5)
[1218/174303.901:ERROR:process_reader_win.cc(151)] SuspendThread: Access is denied. (0x5)
[1218/174303.901:ERROR:process_reader_win.cc(151)] SuspendThread: Access is denied. (0x5)
[1218/174303.901:ERROR:process_reader_win.cc(151)] SuspendThread: Access is denied. (0x5)
[1218/174303.901:ERROR:process_reader_win.cc(151)] SuspendThread: Access is denied. (0x5)
[1218/174303.901:ERROR:process_reader_win.cc(151)] SuspendThread: Access is denied. (0x5)
[1218/174303.901:ERROR:process_reader_win.cc(151)] SuspendThread: Access is denied. (0x5)
[1218/174303.901:ERROR:process_reader_win.cc(123)] NtOpenThread: {Access Denied} A process has requested access to an object, but has not been granted those access rights. (0xc0000022)
[1218/174303.901:ERROR:exception_snapshot_win.cc(99)] thread ID 36200 not found in process
[1218/174303.906:ERROR:process_reader_win.cc(151)] SuspendThread: Access is denied. (0x5)
[1218/174303.906:ERROR:process_reader_win.cc(151)] SuspendThread: Access is denied. (0x5)
[1218/174303.906:ERROR:process_reader_win.cc(151)] SuspendThread: Access is denied. (0x5)
[1218/174303.906:ERROR:process_reader_win.cc(151)] SuspendThread: Access is denied. (0x5)
[1218/174303.907:ERROR:process_reader_win.cc(151)] SuspendThread: Access is denied. (0x5)
[1218/174303.907:ERROR:process_reader_win.cc(151)] SuspendThread: Access is denied. (0x5)
[1218/174303.907:ERROR:process_reader_win.cc(151)] SuspendThread: Access is denied. (0x5)
[1218/174303.907:ERROR:process_reader_win.cc(151)] SuspendThread: Access is denied. (0x5)
[1218/174303.907:ERROR:process_reader_win.cc(151)] SuspendThread: Access is denied. (0x5)
[1218/174303.907:ERROR:process_reader_win.cc(123)] NtOpenThread: {Access Denied} A process has requested access to an object, but has not been granted those access rights. (0xc0000022)
[1218/174303.907:ERROR:exception_snapshot_win.cc(99)] thread ID 27504 not found in process
[1218/174303.908:ERROR:process_reader_win.cc(151)] SuspendThread: Access is denied. (0x5)
[1218/174303.908:ERROR:process_reader_win.cc(151)] SuspendThread: Access is denied. (0x5)
[1218/174303.908:ERROR:process_reader_win.cc(151)] SuspendThread: Access is denied. (0x5)
[1218/174303.908:ERROR:process_reader_win.cc(151)] SuspendThread: Access is denied. (0x5)
[1218/174303.908:ERROR:process_reader_win.cc(151)] SuspendThread: Access is denied. (0x5)
[1218/174303.908:ERROR:process_reader_win.cc(151)] SuspendThread: Access is denied. (0x5)
[1218/174303.908:ERROR:process_reader_win.cc(151)] SuspendThread: Access is denied. (0x5)
[1218/174303.908:ERROR:process_reader_win.cc(151)] SuspendThread: Access is denied. (0x5)
[1218/174303.908:ERROR:process_reader_win.cc(151)] SuspendThread: Access is denied. (0x5)
[1218/174303.908:ERROR:process_reader_win.cc(151)] SuspendThread: Access is denied. (0x5)
[1218/174303.908:ERROR:process_reader_win.cc(151)] SuspendThread: Access is denied. (0x5)
[1218/174303.908:ERROR:process_reader_win.cc(151)] SuspendThread: Access is denied. (0x5)
[1218/174303.908:ERROR:process_reader_win.cc(151)] SuspendThread: Access is denied. (0x5)
[1218/174303.908:ERROR:process_reader_win.cc(151)] SuspendThread: Access is denied. (0x5)
[1218/174303.908:ERROR:process_reader_win.cc(151)] SuspendThread: Access is denied. (0x5)
[1218/174303.908:ERROR:process_reader_win.cc(123)] NtOpenThread: {Access Denied} A process has requested access to an object, but has not been granted those access rights. (0xc0000022)
[1218/174303.908:ERROR:exception_snapshot_win.cc(99)] thread ID 20508 not found in process
[1218/174303.913:ERROR:process_reader_win.cc(151)] SuspendThread: Access is denied. (0x5)
[1218/174303.913:ERROR:process_reader_win.cc(151)] SuspendThread: Access is denied. (0x5)
[1218/174303.913:ERROR:process_reader_win.cc(123)] NtOpenThread: {Access Denied} A process has requested access to an object, but has not been granted those access rights. (0xc0000022)
[1218/174303.913:ERROR:exception_snapshot_win.cc(99)] thread ID 20272 not found in process
[1218/174303.916:ERROR:process_reader_win.cc(151)] SuspendThread: Access is denied. (0x5)
[1218/174303.916:ERROR:process_reader_win.cc(151)] SuspendThread: Access is denied. (0x5)
[1218/174303.916:ERROR:process_reader_win.cc(151)] SuspendThread: Access is denied. (0x5)
[1218/174303.917:ERROR:process_reader_win.cc(151)] SuspendThread: Access is denied. (0x5)
[1218/174303.917:ERROR:process_reader_win.cc(151)] SuspendThread: Access is denied. (0x5)
[1218/174303.917:ERROR:process_reader_win.cc(151)] SuspendThread: Access is denied. (0x5)
[1218/174303.917:ERROR:process_reader_win.cc(151)] SuspendThread: Access is denied. (0x5)
[1218/174303.917:ERROR:process_reader_win.cc(151)] SuspendThread: Access is denied. (0x5)
[1218/174303.917:ERROR:process_reader_win.cc(151)] SuspendThread: Access is denied. (0x5)
[1218/174303.917:ERROR:process_reader_win.cc(151)] SuspendThread: Access is denied. (0x5)
[1218/174303.917:ERROR:process_reader_win.cc(151)] SuspendThread: Access is denied. (0x5)
[1218/174303.917:ERROR:process_reader_win.cc(151)] SuspendThread: Access is denied. (0x5)
[1218/174303.917:ERROR:process_reader_win.cc(151)] SuspendThread: Access is denied. (0x5)
[1218/174303.917:ERROR:process_reader_win.cc(151)] SuspendThread: Access is denied. (0x5)
[1218/174303.917:ERROR:process_reader_win.cc(151)] SuspendThread: Access is denied. (0x5)
[1218/174303.917:ERROR:process_reader_win.cc(151)] SuspendThread: Access is denied. (0x5)
[1218/174303.917:ERROR:process_reader_win.cc(151)] SuspendThread: Access is denied. (0x5)
[1218/174303.917:ERROR:process_reader_win.cc(151)] SuspendThread: Access is denied. (0x5)
[1218/174303.917:ERROR:process_reader_win.cc(151)] SuspendThread: Access is denied. (0x5)
[1218/174303.917:ERROR:process_reader_win.cc(151)] SuspendThread: Access is denied. (0x5)
[1218/174303.917:ERROR:process_reader_win.cc(151)] SuspendThread: Access is denied. (0x5)
[1218/174303.917:ERROR:process_reader_win.cc(151)] SuspendThread: Access is denied. (0x5)
[1218/174303.917:ERROR:process_reader_win.cc(151)] SuspendThread: Access is denied. (0x5)
[1218/174303.917:ERROR:process_reader_win.cc(151)] SuspendThread: Access is denied. (0x5)
[1218/174303.917:ERROR:process_reader_win.cc(151)] SuspendThread: Access is denied. (0x5)
[1218/174303.917:ERROR:process_reader_win.cc(151)] SuspendThread: Access is denied. (0x5)
[1218/174303.917:ERROR:process_reader_win.cc(123)] NtOpenThread: {Access Denied} A process has requested access to an object, but has not been granted those access rights. (0xc0000022)
[1218/174303.917:ERROR:process_reader_win.cc(123)] NtOpenThread: {Access Denied} A process has requested access to an object, but has not been granted those access rights. (0xc0000022)
[1218/174303.917:ERROR:exception_snapshot_win.cc(99)] thread ID 17160 not found in process
[1218/174303.917:ERROR:exception_snapshot_win.cc(99)] thread ID 10808 not found in process
[1218/174303.919:ERROR:process_reader_win.cc(151)] SuspendThread: Access is denied. (0x5)
[1218/174303.919:ERROR:process_reader_win.cc(151)] SuspendThread: Access is denied. (0x5)
[1218/174303.919:ERROR:process_reader_win.cc(151)] SuspendThread: Access is denied. (0x5)
[1218/174303.919:ERROR:process_reader_win.cc(151)] SuspendThread: Access is denied. (0x5)
[1218/174303.919:ERROR:process_reader_win.cc(151)] SuspendThread: Access is denied. (0x5)
[1218/174303.919:ERROR:process_reader_win.cc(151)] SuspendThread: Access is denied. (0x5)
[1218/174303.919:ERROR:process_reader_win.cc(151)] SuspendThread: Access is denied. (0x5)
[1218/174303.919:ERROR:process_reader_win.cc(151)] SuspendThread: Access is denied. (0x5)
[1218/174303.919:ERROR:process_reader_win.cc(151)] SuspendThread: Access is denied. (0x5)
[1218/174303.919:ERROR:process_reader_win.cc(123)] NtOpenThread: {Access Denied} A process has requested access to an object, but has not been granted those access rights. (0xc0000022)
[1218/174303.919:ERROR:exception_snapshot_win.cc(99)] thread ID 19040 not found in process
[1218/174303.920:ERROR:process_reader_win.cc(151)] SuspendThread: Access is denied. (0x5)
[1218/174303.920:ERROR:process_reader_win.cc(151)] SuspendThread: Access is denied. (0x5)
[1218/174303.920:ERROR:process_reader_win.cc(151)] SuspendThread: Access is denied. (0x5)
[1218/174303.920:ERROR:process_reader_win.cc(151)] SuspendThread: Access is denied. (0x5)
[1218/174303.920:ERROR:process_reader_win.cc(151)] SuspendThread: Access is denied. (0x5)
[1218/174303.920:ERROR:process_reader_win.cc(151)] SuspendThread: Access is denied. (0x5)
[1218/174303.920:ERROR:process_reader_win.cc(151)] SuspendThread: Access is denied. (0x5)
[1218/174303.920:ERROR:process_reader_win.cc(151)] SuspendThread: Access is denied. (0x5)
[1218/174303.920:ERROR:process_reader_win.cc(151)] SuspendThread: Access is denied. (0x5)
[1218/174303.920:ERROR:process_reader_win.cc(151)] SuspendThread: Access is denied. (0x5)
[1218/174303.920:ERROR:process_reader_win.cc(123)] NtOpenThread: {Access Denied} A process has requested access to an object, but has not been granted those access rights. (0xc0000022)
[1218/174303.920:ERROR:exception_snapshot_win.cc(99)] thread ID 16460 not found in process
[1218/174303.917:ERROR:process_reader_win.cc(151)] SuspendThread: Access is denied. (0x5)
[1218/174303.920:ERROR:process_reader_win.cc(151)] SuspendThread: Access is denied. (0x5)
[1218/174303.920:ERROR:process_reader_win.cc(151)] SuspendThread: Access is denied. (0x5)
[1218/174303.920:ERROR:process_reader_win.cc(151)] SuspendThread: Access is denied. (0x5)
[1218/174303.920:ERROR:process_reader_win.cc(151)] SuspendThread: Access is denied. (0x5)
[1218/174303.920:ERROR:process_reader_win.cc(151)] SuspendThread: Access is denied. (0x5)
[1218/174303.920:ERROR:process_reader_win.cc(151)] SuspendThread: Access is denied. (0x5)
[1218/174303.920:ERROR:process_reader_win.cc(151)] SuspendThread: Access is denied. (0x5)
[1218/174303.920:ERROR:process_reader_win.cc(123)] NtOpenThread: {Access Denied} A process has requested access to an object, but has not been granted those access rights. (0xc0000022)
[1218/174303.920:ERROR:exception_snapshot_win.cc(99)] thread ID 3048 not found in process
[1218/174303.922:ERROR:process_reader_win.cc(151)] SuspendThread: Access is denied. (0x5)
[1218/174303.922:ERROR:process_reader_win.cc(151)] SuspendThread: Access is denied. (0x5)
[1218/174303.922:ERROR:process_reader_win.cc(151)] SuspendThread: Access is denied. (0x5)
[1218/174303.922:ERROR:process_reader_win.cc(151)] SuspendThread: Access is denied. (0x5)
[1218/174303.922:ERROR:process_reader_win.cc(151)] SuspendThread: Access is denied. (0x5)
[1218/174303.922:ERROR:process_reader_win.cc(151)] SuspendThread: Access is denied. (0x5)
[1218/174303.922:ERROR:process_reader_win.cc(151)] SuspendThread: Access is denied. (0x5)
[1218/174303.922:ERROR:process_reader_win.cc(151)] SuspendThread: Access is denied. (0x5)
[1218/174303.922:ERROR:process_reader_win.cc(151)] SuspendThread: Access is denied. (0x5)
[1218/174303.922:ERROR:process_reader_win.cc(151)] SuspendThread: Access is denied. (0x5)
[1218/174303.922:ERROR:process_reader_win.cc(151)] SuspendThread: Access is denied. (0x5)
[1218/174303.922:ERROR:process_reader_win.cc(151)] SuspendThread: Access is denied. (0x5)
[1218/174303.922:ERROR:process_reader_win.cc(151)] SuspendThread: Access is denied. (0x5)
[1218/174303.922:ERROR:process_reader_win.cc(151)] SuspendThread: Access is denied. (0x5)
[1218/174303.922:ERROR:process_reader_win.cc(151)] SuspendThread: Access is denied. (0x5)
[1218/174303.922:ERROR:process_reader_win.cc(151)] SuspendThread: Access is denied. (0x5)
[1218/174303.922:ERROR:process_reader_win.cc(151)] SuspendThread: Access is denied. (0x5)
[1218/174303.922:ERROR:process_reader_win.cc(151)] SuspendThread: Access is denied. (0x5)
[1218/174303.922:ERROR:process_reader_win.cc(151)] SuspendThread: Access is denied. (0x5)
[1218/174303.922:ERROR:process_reader_win.cc(151)] SuspendThread: Access is denied. (0x5)
[1218/174303.922:ERROR:process_reader_win.cc(151)] SuspendThread: Access is denied. (0x5)
[1218/174303.922:ERROR:process_reader_win.cc(151)] SuspendThread: Access is denied. (0x5)
[1218/174303.922:ERROR:process_reader_win.cc(151)] SuspendThread: Access is denied. (0x5)
[1218/174303.922:ERROR:process_reader_win.cc(151)] SuspendThread: Access is denied. (0x5)
[1218/174303.922:ERROR:process_reader_win.cc(151)] SuspendThread: Access is denied. (0x5)
[1218/174303.922:ERROR:process_reader_win.cc(151)] SuspendThread: Access is denied. (0x5)
[1218/174303.922:ERROR:process_reader_win.cc(151)] SuspendThread: Access is denied. (0x5)
[1218/174303.922:ERROR:process_reader_win.cc(151)] SuspendThread: Access is denied. (0x5)
[1218/174303.922:ERROR:process_reader_win.cc(151)] SuspendThread: Access is denied. (0x5)
[1218/174303.922:ERROR:process_reader_win.cc(151)] SuspendThread: Access is denied. (0x5)
[1218/174303.922:ERROR:process_reader_win.cc(151)] SuspendThread: Access is denied. (0x5)
[1218/174303.922:ERROR:process_reader_win.cc(151)] SuspendThread: Access is denied. (0x5)
[1218/174303.922:ERROR:process_reader_win.cc(123)] NtOpenThread: {Access Denied} A process has requested access to an object, but has not been granted those access rights. (0xc0000022)
[1218/174303.922:ERROR:process_reader_win.cc(123)] NtOpenThread: {Access Denied} A process has requested access to an object, but has not been granted those access rights. (0xc0000022)
[1218/174303.922:ERROR:process_reader_win.cc(151)] SuspendThread: Access is denied. (0x5)
[1218/174303.922:ERROR:process_reader_win.cc(151)] SuspendThread: Access is denied. (0x5)
[1218/174303.922:ERROR:process_reader_win.cc(151)] SuspendThread: Access is denied. (0x5)
[1218/174303.922:ERROR:process_reader_win.cc(151)] SuspendThread: Access is denied. (0x5)
[1218/174303.922:ERROR:process_reader_win.cc(151)] SuspendThread: Access is denied. (0x5)
[1218/174303.922:ERROR:process_reader_win.cc(151)] SuspendThread: Access is denied. (0x5)
[1218/174303.922:ERROR:process_reader_win.cc(151)] SuspendThread: Access is denied. (0x5)
[1218/174303.922:ERROR:process_reader_win.cc(151)] SuspendThread: Access is denied. (0x5)
[1218/174303.922:ERROR:process_reader_win.cc(151)] SuspendThread: Access is denied. (0x5)
[1218/174303.922:ERROR:process_reader_win.cc(151)] SuspendThread: Access is denied. (0x5)
[1218/174303.922:ERROR:exception_snapshot_win.cc(99)] thread ID 21024 not found in process
[1218/174303.922:ERROR:exception_snapshot_win.cc(99)] thread ID 10652 not found in process
[1218/174303.922:ERROR:process_reader_win.cc(151)] SuspendThread: Access is denied. (0x5)
[1218/174303.923:ERROR:process_reader_win.cc(151)] SuspendThread: Access is denied. (0x5)
[1218/174303.923:ERROR:process_reader_win.cc(151)] SuspendThread: Access is denied. (0x5)
[1218/174303.923:ERROR:process_reader_win.cc(151)] SuspendThread: Access is denied. (0x5)
[1218/174303.922:ERROR:process_reader_win.cc(123)] NtOpenThread: {Access Denied} A process has requested access to an object, but has not been granted those access rights. (0xc0000022)
[1218/174303.923:ERROR:process_reader_win.cc(151)] SuspendThread: Access is denied. (0x5)
[1218/174303.923:ERROR:process_reader_win.cc(151)] SuspendThread: Access is denied. (0x5)
[1218/174303.923:ERROR:process_reader_win.cc(151)] SuspendThread: Access is denied. (0x5)
[1218/174303.923:ERROR:process_reader_win.cc(151)] SuspendThread: Access is denied. (0x5)
[1218/174303.923:ERROR:exception_snapshot_win.cc(99)] thread ID 37512 not found in process
[1218/174303.923:ERROR:process_reader_win.cc(151)] SuspendThread: Access is denied. (0x5)
[1218/174303.923:ERROR:process_reader_win.cc(151)] SuspendThread: Access is denied. (0x5)
[1218/174303.923:ERROR:process_reader_win.cc(151)] SuspendThread: Access is denied. (0x5)
[1218/174303.923:ERROR:process_reader_win.cc(151)] SuspendThread: Access is denied. (0x5)
[1218/174303.923:ERROR:process_reader_win.cc(151)] SuspendThread: Access is denied. (0x5)
[1218/174303.923:ERROR:process_reader_win.cc(151)] SuspendThread: Access is denied. (0x5)
[1218/174303.923:ERROR:process_reader_win.cc(151)] SuspendThread: Access is denied. (0x5)
[1218/174303.923:ERROR:process_reader_win.cc(151)] SuspendThread: Access is denied. (0x5)
[1218/174303.923:ERROR:process_reader_win.cc(151)] SuspendThread: Access is denied. (0x5)
[1218/174303.923:ERROR:process_reader_win.cc(151)] SuspendThread: Access is denied. (0x5)
[1218/174303.923:ERROR:process_reader_win.cc(151)] SuspendThread: Access is denied. (0x5)
[1218/174303.923:ERROR:process_reader_win.cc(151)] SuspendThread: Access is denied. (0x5)
[1218/174303.923:ERROR:process_reader_win.cc(123)] NtOpenThread: {Access Denied} A process has requested access to an object, but has not been granted those access rights. (0xc0000022)
[1218/174303.923:ERROR:exception_snapshot_win.cc(99)] thread ID 25168 not found in process
[1218/174303.923:ERROR:process_reader_win.cc(151)] SuspendThread: Access is denied. (0x5)
[1218/174303.924:ERROR:process_reader_win.cc(151)] SuspendThread: Access is denied. (0x5)
[1218/174303.924:ERROR:process_reader_win.cc(151)] SuspendThread: Access is denied. (0x5)
[1218/174303.924:ERROR:process_reader_win.cc(151)] SuspendThread: Access is denied. (0x5)
[1218/174303.924:ERROR:process_reader_win.cc(151)] SuspendThread: Access is denied. (0x5)
[1218/174303.924:ERROR:process_reader_win.cc(151)] SuspendThread: Access is denied. (0x5)
[1218/174303.924:ERROR:process_reader_win.cc(151)] SuspendThread: Access is denied. (0x5)
[1218/174303.924:ERROR:process_reader_win.cc(151)] SuspendThread: Access is denied. (0x5)
[1218/174303.924:ERROR:process_reader_win.cc(123)] NtOpenThread: {Access Denied} A process has requested access to an object, but has not been granted those access rights. (0xc0000022)
[1218/174303.924:ERROR:exception_snapshot_win.cc(99)] thread ID 41240 not found in process
[1218/174303.926:ERROR:process_reader_win.cc(151)] SuspendThread: Access is denied. (0x5)
[1218/174303.926:ERROR:process_reader_win.cc(151)] SuspendThread: Access is denied. (0x5)
[1218/174303.926:ERROR:process_reader_win.cc(151)] SuspendThread: Access is denied. (0x5)
[1218/174303.926:ERROR:process_reader_win.cc(151)] SuspendThread: Access is denied. (0x5)
[1218/174303.926:ERROR:process_reader_win.cc(151)] SuspendThread: Access is denied. (0x5)
[1218/174303.926:ERROR:process_reader_win.cc(151)] SuspendThread: Access is denied. (0x5)
[1218/174303.926:ERROR:process_reader_win.cc(151)] SuspendThread: Access is denied. (0x5)
[1218/174303.926:ERROR:process_reader_win.cc(151)] SuspendThread: Access is denied. (0x5)
[1218/174303.926:ERROR:process_reader_win.cc(151)] SuspendThread: Access is denied. (0x5)
[1218/174303.926:ERROR:process_reader_win.cc(151)] SuspendThread: Access is denied. (0x5)
[1218/174303.926:ERROR:process_reader_win.cc(151)] SuspendThread: Access is denied. (0x5)
[1218/174303.926:ERROR:process_reader_win.cc(151)] SuspendThread: Access is denied. (0x5)
[1218/174303.926:ERROR:process_reader_win.cc(151)] SuspendThread: Access is denied. (0x5)
[1218/174303.926:ERROR:process_reader_win.cc(151)] SuspendThread: Access is denied. (0x5)
[1218/174303.926:ERROR:process_reader_win.cc(151)] SuspendThread: Access is denied. (0x5)
[1218/174303.926:ERROR:process_reader_win.cc(151)] SuspendThread: Access is denied. (0x5)
[1218/174303.926:ERROR:process_reader_win.cc(151)] SuspendThread: Access is denied. (0x5)
[1218/174303.926:ERROR:process_reader_win.cc(151)] SuspendThread: Access is denied. (0x5)
[1218/174303.926:ERROR:process_reader_win.cc(151)] SuspendThread: Access is denied. (0x5)
[1218/174303.926:ERROR:process_reader_win.cc(151)] SuspendThread: Access is denied. (0x5)
[1218/174303.926:ERROR:process_reader_win.cc(151)] SuspendThread: Access is denied. (0x5)
[1218/174303.926:ERROR:process_reader_win.cc(151)] SuspendThread: Access is denied. (0x5)
[1218/174303.926:ERROR:process_reader_win.cc(123)] NtOpenThread: {Access Denied} A process has requested access to an object, but has not been granted those access rights. (0xc0000022)
[1218/174303.926:ERROR:process_reader_win.cc(151)] SuspendThread: Access is denied. (0x5)
[1218/174303.926:ERROR:process_reader_win.cc(151)] SuspendThread: Access is denied. (0x5)
[1218/174303.926:ERROR:process_reader_win.cc(151)] SuspendThread: Access is denied. (0x5)
[1218/174303.926:ERROR:process_reader_win.cc(151)] SuspendThread: Access is denied. (0x5)
[1218/174303.926:ERROR:exception_snapshot_win.cc(99)] thread ID 16876 not found in process
[1218/174303.926:ERROR:process_reader_win.cc(123)] NtOpenThread: {Access Denied} A process has requested access to an object, but has not been granted those access rights. (0xc0000022)
[1218/174303.926:ERROR:exception_snapshot_win.cc(99)] thread ID 40252 not found in process
[1218/174303.932:ERROR:process_reader_win.cc(151)] SuspendThread: Access is denied. (0x5)
[1218/174303.932:ERROR:process_reader_win.cc(151)] SuspendThread: Access is denied. (0x5)
[1218/174303.932:ERROR:process_reader_win.cc(151)] SuspendThread: Access is denied. (0x5)
[1218/174303.932:ERROR:process_reader_win.cc(151)] SuspendThread: Access is denied. (0x5)
[1218/174303.932:ERROR:process_reader_win.cc(151)] SuspendThread: Access is denied. (0x5)
[1218/174303.932:ERROR:process_reader_win.cc(151)] SuspendThread: Access is denied. (0x5)
[1218/174303.932:ERROR:process_reader_win.cc(151)] SuspendThread: Access is denied. (0x5)
[1218/174303.932:ERROR:process_reader_win.cc(151)] SuspendThread: Access is denied. (0x5)
[1218/174303.932:ERROR:process_reader_win.cc(151)] SuspendThread: Access is denied. (0x5)
[1218/174303.932:ERROR:process_reader_win.cc(151)] SuspendThread: Access is denied. (0x5)
[1218/174303.932:ERROR:process_reader_win.cc(151)] SuspendThread: Access is denied. (0x5)
[1218/174303.932:ERROR:process_reader_win.cc(123)] NtOpenThread: {Access Denied} A process has requested access to an object, but has not been granted those access rights. (0xc0000022)
[1218/174303.933:ERROR:exception_snapshot_win.cc(99)] thread ID 12056 not found in process
[1218/174303.934:ERROR:process_reader_win.cc(151)] SuspendThread: Access is denied. (0x5)
[1218/174303.934:ERROR:process_reader_win.cc(151)] SuspendThread: Access is denied. (0x5)
[1218/174303.934:ERROR:process_reader_win.cc(151)] SuspendThread: Access is denied. (0x5)
[1218/174303.934:ERROR:process_reader_win.cc(151)] SuspendThread: Access is denied. (0x5)
[1218/174303.934:ERROR:process_reader_win.cc(151)] SuspendThread: Access is denied. (0x5)
[1218/174303.934:ERROR:process_reader_win.cc(151)] SuspendThread: Access is denied. (0x5)
[1218/174303.934:ERROR:process_reader_win.cc(151)] SuspendThread: Access is denied. (0x5)
[1218/174303.934:ERROR:process_reader_win.cc(151)] SuspendThread: Access is denied. (0x5)
[1218/174303.934:ERROR:process_reader_win.cc(151)] SuspendThread: Access is denied. (0x5)
[1218/174303.934:ERROR:process_reader_win.cc(151)] SuspendThread: Access is denied. (0x5)
[1218/174303.934:ERROR:process_reader_win.cc(123)] NtOpenThread: {Access Denied} A process has requested access to an object, but has not been granted those access rights. (0xc0000022)
[1218/174303.934:ERROR:exception_snapshot_win.cc(99)] thread ID 15520 not found in process
[1218/174303.937:ERROR:process_reader_win.cc(151)] SuspendThread: Access is denied. (0x5)
[1218/174303.937:ERROR:process_reader_win.cc(151)] SuspendThread: Access is denied. (0x5)
[1218/174303.937:ERROR:process_reader_win.cc(151)] SuspendThread: Access is denied. (0x5)
[1218/174303.937:ERROR:process_reader_win.cc(151)] SuspendThread: Access is denied. (0x5)
[1218/174303.937:ERROR:process_reader_win.cc(151)] SuspendThread: Access is denied. (0x5)
[1218/174303.937:ERROR:process_reader_win.cc(151)] SuspendThread: Access is denied. (0x5)
[1218/174303.937:ERROR:process_reader_win.cc(151)] SuspendThread: Access is denied. (0x5)
[1218/174303.937:ERROR:process_reader_win.cc(151)] SuspendThread: Access is denied. (0x5)
[1218/174303.937:ERROR:process_reader_win.cc(151)] SuspendThread: Access is denied. (0x5)
[1218/174303.937:ERROR:process_reader_win.cc(151)] SuspendThread: Access is denied. (0x5)
[1218/174303.937:ERROR:process_reader_win.cc(151)] SuspendThread: Access is denied. (0x5)
[1218/174303.937:ERROR:process_reader_win.cc(151)] SuspendThread: Access is denied. (0x5)
[1218/174303.937:ERROR:process_reader_win.cc(151)] SuspendThread: Access is denied. (0x5)
[1218/174303.937:ERROR:process_reader_win.cc(151)] SuspendThread: Access is denied. (0x5)
[1218/174303.937:ERROR:process_reader_win.cc(151)] SuspendThread: Access is denied. (0x5)
[1218/174303.937:ERROR:process_reader_win.cc(151)] SuspendThread: Access is denied. (0x5)
[1218/174303.937:ERROR:process_reader_win.cc(151)] SuspendThread: Access is denied. (0x5)
[1218/174303.937:ERROR:process_reader_win.cc(151)] SuspendThread: Access is denied. (0x5)
[1218/174303.937:ERROR:process_reader_win.cc(151)] SuspendThread: Access is denied. (0x5)
[1218/174303.937:ERROR:process_reader_win.cc(151)] SuspendThread: Access is denied. (0x5)
[1218/174303.937:ERROR:process_reader_win.cc(123)] NtOpenThread: {Access Denied} A process has requested access to an object, but has not been granted those access rights. (0xc0000022)
[1218/174303.937:ERROR:process_reader_win.cc(151)] SuspendThread: Access is denied. (0x5)
[1218/174303.937:ERROR:process_reader_win.cc(151)] SuspendThread: Access is denied. (0x5)
[1218/174303.937:ERROR:process_reader_win.cc(123)] NtOpenThread: {Access Denied} A process has requested access to an object, but has not been granted those access rights. (0xc0000022)
[1218/174303.937:ERROR:exception_snapshot_win.cc(99)] thread ID 37688 not found in process
[1218/174303.937:ERROR:exception_snapshot_win.cc(99)] thread ID 17484 not found in process
[1218/174303.940:ERROR:process_reader_win.cc(151)] SuspendThread: Access is denied. (0x5)
[1218/174303.940:ERROR:process_reader_win.cc(151)] SuspendThread: Access is denied. (0x5)
[1218/174303.940:ERROR:process_reader_win.cc(151)] SuspendThread: Access is denied. (0x5)
[1218/174303.940:ERROR:process_reader_win.cc(151)] SuspendThread: Access is denied. (0x5)
[1218/174303.940:ERROR:process_reader_win.cc(151)] SuspendThread: Access is denied. (0x5)
[1218/174303.940:ERROR:process_reader_win.cc(151)] SuspendThread: Access is denied. (0x5)
[1218/174303.940:ERROR:process_reader_win.cc(151)] SuspendThread: Access is denied. (0x5)
[1218/174303.940:ERROR:process_reader_win.cc(151)] SuspendThread: Access is denied. (0x5)
[1218/174303.941:ERROR:process_reader_win.cc(151)] SuspendThread: Access is denied. (0x5)
[1218/174303.941:ERROR:process_reader_win.cc(151)] SuspendThread: Access is denied. (0x5)
[1218/174303.941:ERROR:process_reader_win.cc(151)] SuspendThread: Access is denied. (0x5)
[1218/174303.941:ERROR:process_reader_win.cc(123)] NtOpenThread: {Access Denied} A process has requested access to an object, but has not been granted those access rights. (0xc0000022)
[1218/174303.941:ERROR:exception_snapshot_win.cc(99)] thread ID 11592 not found in process
[1218/174303.943:ERROR:process_reader_win.cc(151)] SuspendThread: Access is denied. (0x5)
[1218/174303.943:ERROR:process_reader_win.cc(151)] SuspendThread: Access is denied. (0x5)
[1218/174303.943:ERROR:process_reader_win.cc(151)] SuspendThread: Access is denied. (0x5)
[1218/174303.943:ERROR:process_reader_win.cc(151)] SuspendThread: Access is denied. (0x5)
[1218/174303.943:ERROR:process_reader_win.cc(151)] SuspendThread: Access is denied. (0x5)
[1218/174303.943:ERROR:process_reader_win.cc(151)] SuspendThread: Access is denied. (0x5)
[1218/174303.943:ERROR:process_reader_win.cc(151)] SuspendThread: Access is denied. (0x5)
[1218/174303.943:ERROR:process_reader_win.cc(151)] SuspendThread: Access is denied. (0x5)
[1218/174303.943:ERROR:process_reader_win.cc(151)] SuspendThread: Access is denied. (0x5)
[1218/174303.943:ERROR:process_reader_win.cc(151)] SuspendThread: Access is denied. (0x5)
[1218/174303.943:ERROR:process_reader_win.cc(151)] SuspendThread: Access is denied. (0x5)
[1218/174303.943:ERROR:process_reader_win.cc(151)] SuspendThread: Access is denied. (0x5)
[1218/174303.943:ERROR:process_reader_win.cc(151)] SuspendThread: Access is denied. (0x5)
[1218/174303.943:ERROR:process_reader_win.cc(151)] SuspendThread: Access is denied. (0x5)
[1218/174303.943:ERROR:process_reader_win.cc(151)] SuspendThread: Access is denied. (0x5)
[1218/174303.943:ERROR:process_reader_win.cc(151)] SuspendThread: Access is denied. (0x5)
[1218/174303.943:ERROR:process_reader_win.cc(151)] SuspendThread: Access is denied. (0x5)
[1218/174303.943:ERROR:process_reader_win.cc(151)] SuspendThread: Access is denied. (0x5)
[1218/174303.943:ERROR:process_reader_win.cc(151)] SuspendThread: Access is denied. (0x5)
[1218/174303.943:ERROR:process_reader_win.cc(151)] SuspendThread: Access is denied. (0x5)
[1218/174303.943:ERROR:process_reader_win.cc(151)] SuspendThread: Access is denied. (0x5)
[1218/174303.943:ERROR:process_reader_win.cc(151)] SuspendThread: Access is denied. (0x5)
[1218/174303.943:ERROR:process_reader_win.cc(151)] SuspendThread: Access is denied. (0x5)
[1218/174303.943:ERROR:process_reader_win.cc(151)] SuspendThread: Access is denied. (0x5)
[1218/174303.943:ERROR:process_reader_win.cc(151)] SuspendThread: Access is denied. (0x5)
[1218/174303.943:ERROR:process_reader_win.cc(151)] SuspendThread: Access is denied. (0x5)
[1218/174303.943:ERROR:process_reader_win.cc(151)] SuspendThread: Access is denied. (0x5)
[1218/174303.943:ERROR:process_reader_win.cc(151)] SuspendThread: Access is denied. (0x5)
[1218/174303.943:ERROR:process_reader_win.cc(123)] NtOpenThread: {Access Denied} A process has requested access to an object, but has not been granted those access rights. (0xc0000022)
[1218/174303.943:ERROR:exception_snapshot_win.cc(99)] thread ID 28888 not found in process
[1218/174303.943:ERROR:process_reader_win.cc(123)] NtOpenThread: {Access Denied} A process has requested access to an object, but has not been granted those access rights. (0xc0000022)
[1218/174303.943:ERROR:process_reader_win.cc(151)] SuspendThread: Access is denied. (0x5)
[1218/174303.943:ERROR:process_reader_win.cc(151)] SuspendThread: Access is denied. (0x5)
[1218/174303.943:ERROR:process_reader_win.cc(151)] SuspendThread: Access is denied. (0x5)
[1218/174303.943:ERROR:process_reader_win.cc(151)] SuspendThread: Access is denied. (0x5)
[1218/174303.943:ERROR:process_reader_win.cc(151)] SuspendThread: Access is denied. (0x5)
[1218/174303.943:ERROR:process_reader_win.cc(151)] SuspendThread: Access is denied. (0x5)
[1218/174303.943:ERROR:process_reader_win.cc(151)] SuspendThread: Access is denied. (0x5)
[1218/174303.943:ERROR:process_reader_win.cc(151)] SuspendThread: Access is denied. (0x5)
[1218/174303.943:ERROR:process_reader_win.cc(151)] SuspendThread: Access is denied. (0x5)
[1218/174303.943:ERROR:process_reader_win.cc(151)] SuspendThread: Access is denied. (0x5)
[1218/174303.943:ERROR:process_reader_win.cc(151)] SuspendThread: Access is denied. (0x5)
[1218/174303.943:ERROR:process_reader_win.cc(123)] NtOpenThread: {Access Denied} A process has requested access to an object, but has not been granted those access rights. (0xc0000022)
[1218/174303.943:ERROR:exception_snapshot_win.cc(99)] thread ID 41560 not found in process
[1218/174303.944:ERROR:exception_snapshot_win.cc(99)] thread ID 38448 not found in process
[1218/174303.945:ERROR:process_reader_win.cc(151)] SuspendThread: Access is denied. (0x5)
[1218/174303.945:ERROR:process_reader_win.cc(151)] SuspendThread: Access is denied. (0x5)
[1218/174303.945:ERROR:process_reader_win.cc(151)] SuspendThread: Access is denied. (0x5)
[1218/174303.945:ERROR:process_reader_win.cc(151)] SuspendThread: Access is denied. (0x5)
[1218/174303.945:ERROR:process_reader_win.cc(151)] SuspendThread: Access is denied. (0x5)
[1218/174303.945:ERROR:process_reader_win.cc(151)] SuspendThread: Access is denied. (0x5)
[1218/174303.945:ERROR:process_reader_win.cc(151)] SuspendThread: Access is denied. (0x5)
[1218/174303.945:ERROR:process_reader_win.cc(151)] SuspendThread: Access is denied. (0x5)
[1218/174303.945:ERROR:process_reader_win.cc(151)] SuspendThread: Access is denied. (0x5)
[1218/174303.945:ERROR:process_reader_win.cc(151)] SuspendThread: Access is denied. (0x5)
[1218/174303.945:ERROR:process_reader_win.cc(151)] SuspendThread: Access is denied. (0x5)
[1218/174303.945:ERROR:process_reader_win.cc(151)] SuspendThread: Access is denied. (0x5)
[1218/174303.945:ERROR:process_reader_win.cc(151)] SuspendThread: Access is denied. (0x5)
[1218/174303.945:ERROR:process_reader_win.cc(151)] SuspendThread: Access is denied. (0x5)
[1218/174303.945:ERROR:process_reader_win.cc(151)] SuspendThread: Access is denied. (0x5)
[1218/174303.945:ERROR:process_reader_win.cc(151)] SuspendThread: Access is denied. (0x5)
[1218/174303.945:ERROR:process_reader_win.cc(151)] SuspendThread: Access is denied. (0x5)
[1218/174303.945:ERROR:process_reader_win.cc(151)] SuspendThread: Access is denied. (0x5)
[1218/174303.945:ERROR:process_reader_win.cc(151)] SuspendThread: Access is denied. (0x5)
[1218/174303.945:ERROR:process_reader_win.cc(151)] SuspendThread: Access is denied. (0x5)
[1218/174303.945:ERROR:process_reader_win.cc(151)] SuspendThread: Access is denied. (0x5)
[1218/174303.945:ERROR:process_reader_win.cc(151)] SuspendThread: Access is denied. (0x5)
[1218/174303.945:ERROR:process_reader_win.cc(151)] SuspendThread: Access is denied. (0x5)
[1218/174303.945:ERROR:process_reader_win.cc(151)] SuspendThread: Access is denied. (0x5)
[1218/174303.945:ERROR:process_reader_win.cc(151)] SuspendThread: Access is denied. (0x5)
[1218/174303.945:ERROR:process_reader_win.cc(151)] SuspendThread: Access is denied. (0x5)
[1218/174303.945:ERROR:process_reader_win.cc(151)] SuspendThread: Access is denied. (0x5)
[1218/174303.945:ERROR:process_reader_win.cc(151)] SuspendThread: Access is denied. (0x5)
[1218/174303.945:ERROR:process_reader_win.cc(151)] SuspendThread: Access is denied. (0x5)
[1218/174303.945:ERROR:process_reader_win.cc(151)] SuspendThread: Access is denied. (0x5)
[1218/174303.945:ERROR:process_reader_win.cc(151)] SuspendThread: Access is denied. (0x5)
[1218/174303.945:ERROR:process_reader_win.cc(151)] SuspendThread: Access is denied. (0x5)
[1218/174303.945:ERROR:process_reader_win.cc(151)] SuspendThread: Access is denied. (0x5)
[1218/174303.945:ERROR:process_reader_win.cc(151)] SuspendThread: Access is denied. (0x5)
[1218/174303.945:ERROR:process_reader_win.cc(151)] SuspendThread: Access is denied. (0x5)
[1218/174303.945:ERROR:process_reader_win.cc(123)] NtOpenThread: {Access Denied} A process has requested access to an object, but has not been granted those access rights. (0xc0000022)
[1218/174303.945:ERROR:process_reader_win.cc(123)] NtOpenThread: {Access Denied} A process has requested access to an object, but has not been granted those access rights. (0xc0000022)
[1218/174303.945:ERROR:process_reader_win.cc(151)] SuspendThread: Access is denied. (0x5)
[1218/174303.945:ERROR:process_reader_win.cc(151)] SuspendThread: Access is denied. (0x5)
[1218/174303.945:ERROR:process_reader_win.cc(151)] SuspendThread: Access is denied. (0x5)
[1218/174303.945:ERROR:process_reader_win.cc(123)] NtOpenThread: {Access Denied} A process has requested access to an object, but has not been granted those access rights. (0xc0000022)
[1218/174303.945:ERROR:exception_snapshot_win.cc(99)] thread ID 17832 not found in process
[1218/174303.945:ERROR:exception_snapshot_win.cc(99)] thread ID 15068 not found in process
[1218/174303.945:ERROR:exception_snapshot_win.cc(99)] thread ID 16976 not found in process
[1218/174303.948:ERROR:process_reader_win.cc(151)] SuspendThread: Access is denied. (0x5)
[1218/174303.948:ERROR:process_reader_win.cc(151)] SuspendThread: Access is denied. (0x5)
[1218/174303.948:ERROR:process_reader_win.cc(151)] SuspendThread: Access is denied. (0x5)
[1218/174303.948:ERROR:process_reader_win.cc(151)] SuspendThread: Access is denied. (0x5)
[1218/174303.948:ERROR:process_reader_win.cc(151)] SuspendThread: Access is denied. (0x5)
[1218/174303.948:ERROR:process_reader_win.cc(151)] SuspendThread: Access is denied. (0x5)
[1218/174303.948:ERROR:process_reader_win.cc(151)] SuspendThread: Access is denied. (0x5)
[1218/174303.948:ERROR:process_reader_win.cc(151)] SuspendThread: Access is denied. (0x5)
[1218/174303.948:ERROR:process_reader_win.cc(151)] SuspendThread: Access is denied. (0x5)
[1218/174303.948:ERROR:process_reader_win.cc(151)] SuspendThread: Access is denied. (0x5)
[1218/174303.948:ERROR:process_reader_win.cc(151)] SuspendThread: Access is denied. (0x5)
[1218/174303.948:ERROR:process_reader_win.cc(151)] SuspendThread: Access is denied. (0x5)
[1218/174303.948:ERROR:process_reader_win.cc(151)] SuspendThread: Access is denied. (0x5)
[1218/174303.948:ERROR:process_reader_win.cc(151)] SuspendThread: Access is denied. (0x5)
[1218/174303.948:ERROR:process_reader_win.cc(151)] SuspendThread: Access is denied. (0x5)
[1218/174303.948:ERROR:process_reader_win.cc(151)] SuspendThread: Access is denied. (0x5)
[1218/174303.948:ERROR:process_reader_win.cc(151)] SuspendThread: Access is denied. (0x5)
[1218/174303.948:ERROR:process_reader_win.cc(123)] NtOpenThread: {Access Denied} A process has requested access to an object, but has not been granted those access rights. (0xc0000022)
[1218/174303.948:ERROR:process_reader_win.cc(151)] SuspendThread: Access is denied. (0x5)
[1218/174303.948:ERROR:process_reader_win.cc(151)] SuspendThread: Access is denied. (0x5)
[1218/174303.948:ERROR:exception_snapshot_win.cc(99)] thread ID 39504 not found in process
[1218/174303.948:ERROR:process_reader_win.cc(123)] NtOpenThread: {Access Denied} A process has requested access to an object, but has not been granted those access rights. (0xc0000022)
[1218/174303.948:ERROR:exception_snapshot_win.cc(99)] thread ID 9740 not found in process
[1218/174303.953:ERROR:process_reader_win.cc(151)] SuspendThread: Access is denied. (0x5)
[1218/174303.953:ERROR:process_reader_win.cc(151)] SuspendThread: Access is denied. (0x5)
[1218/174303.953:ERROR:process_reader_win.cc(123)] NtOpenThread: {Access Denied} A process has requested access to an object, but has not been granted those access rights. (0xc0000022)
[1218/174303.953:ERROR:process_reader_win.cc(151)] SuspendThread: Access is denied. (0x5)
[1218/174303.953:ERROR:process_reader_win.cc(151)] SuspendThread: Access is denied. (0x5)
[1218/174303.953:ERROR:process_reader_win.cc(123)] NtOpenThread: {Access Denied} A process has requested access to an object, but has not been granted those access rights. (0xc0000022)
[1218/174303.953:ERROR:exception_snapshot_win.cc(99)] thread ID 17580 not found in process
[1218/174303.953:ERROR:exception_snapshot_win.cc(99)] thread ID 18232 not found in process
[1218/174303.969:ERROR:process_reader_win.cc(123)] NtOpenThread: {Access Denied} A process has requested access to an object, but has not been granted those access rights. (0xc0000022)
[1218/174303.969:ERROR:exception_snapshot_win.cc(99)] thread ID 23956 not found in process
[1218/174303.970:ERROR:process_reader_win.cc(123)] NtOpenThread: {Access Denied} A process has requested access to an object, but has not been granted those access rights. (0xc0000022)
[1218/174303.970:ERROR:exception_snapshot_win.cc(99)] thread ID 29896 not found in process
[1218/174303.982:ERROR:process_reader_win.cc(123)] NtOpenThread: {Access Denied} A process has requested access to an object, but has not been granted those access rights. (0xc0000022)
[1218/174303.982:ERROR:exception_snapshot_win.cc(99)] thread ID 31252 not found in process
